This is pdfTeX, Version 3.14159265-2.6-1.40.19 (MiKTeX 2.9.6840) (preloaded format=pdflatex 2018.10.2)  3 AUG 2020 16:12
entering extended mode
**./model.tex
(model.tex
LaTeX2e <2018-04-01> patch level 5

("/Users/bryn/Library/Application Support/MiKTeX/texmfs/install/tex/latex/base/
article.cls"
Document Class: article 2014/09/29 v1.4h Standard LaTeX document class

("/Users/bryn/Library/Application Support/MiKTeX/texmfs/install/tex/latex/base/
size10.clo"
File: size10.clo 2014/09/29 v1.4h Standard LaTeX file (size option)
)
\c@part=\count80
\c@section=\count81
\c@subsection=\count82
\c@subsubsection=\count83
\c@paragraph=\count84
\c@subparagraph=\count85
\c@figure=\count86
\c@table=\count87
\abovecaptionskip=\skip41
\belowcaptionskip=\skip42
\bibindent=\dimen102
)
("/Users/bryn/Library/Application Support/MiKTeX/texmfs/install/tex/latex/geome
try/geometry.sty"
Package: geometry 2018/04/16 v5.8 Page Geometry

("/Users/bryn/Library/Application Support/MiKTeX/texmfs/install/tex/latex/graph
ics/keyval.sty"
Package: keyval 2014/10/28 v1.15 key=value parser (DPC)
\KV@toks@=\toks14
)
("/Users/bryn/Library/Application Support/MiKTeX/texmfs/install/tex/generic/obe
rdiek/ifpdf.sty"
Package: ifpdf 2018/09/07 v3.3 Provides the ifpdf switch
)
("/Users/bryn/Library/Application Support/MiKTeX/texmfs/install/tex/generic/obe
rdiek/ifvtex.sty"
Package: ifvtex 2016/05/16 v1.6 Detect VTeX and its facilities (HO)
Package ifvtex Info: VTeX not detected.
)
("/Users/bryn/Library/Application Support/MiKTeX/texmfs/install/tex/generic/ifx
etex/ifxetex.sty"
Package: ifxetex 2010/09/12 v0.6 Provides ifxetex conditional
)
\Gm@cnth=\count88
\Gm@cntv=\count89
\c@Gm@tempcnt=\count90
\Gm@bindingoffset=\dimen103
\Gm@wd@mp=\dimen104
\Gm@odd@mp=\dimen105
\Gm@even@mp=\dimen106
\Gm@layoutwidth=\dimen107
\Gm@layoutheight=\dimen108
\Gm@layouthoffset=\dimen109
\Gm@layoutvoffset=\dimen110
\Gm@dimlist=\toks15

("/Users/bryn/Library/Application Support/MiKTeX/texmfs/install/tex/latex/geome
try/geometry.cfg"))
("/Users/bryn/Library/Application Support/MiKTeX/texmfs/install/tex/latex/amsfo
nts/amssymb.sty"
Package: amssymb 2013/01/14 v3.01 AMS font symbols

("/Users/bryn/Library/Application Support/MiKTeX/texmfs/install/tex/latex/amsfo
nts/amsfonts.sty"
Package: amsfonts 2013/01/14 v3.01 Basic AMSFonts support
\@emptytoks=\toks16
\symAMSa=\mathgroup4
\symAMSb=\mathgroup5
LaTeX Font Info:    Overwriting math alphabet `\mathfrak' in version `bold'
(Font)                  U/euf/m/n --> U/euf/b/n on input line 106.
))
("/Users/bryn/Library/Application Support/MiKTeX/texmfs/install/tex/latex/amsma
th/amsmath.sty"
Package: amsmath 2017/09/02 v2.17a AMS math features
\@mathmargin=\skip43

For additional information on amsmath, use the `?' option.

("/Users/bryn/Library/Application Support/MiKTeX/texmfs/install/tex/latex/amsma
th/amstext.sty"
Package: amstext 2000/06/29 v2.01 AMS text

("/Users/bryn/Library/Application Support/MiKTeX/texmfs/install/tex/latex/amsma
th/amsgen.sty"
File: amsgen.sty 1999/11/30 v2.0 generic functions
\@emptytoks=\toks17
\ex@=\dimen111
))
("/Users/bryn/Library/Application Support/MiKTeX/texmfs/install/tex/latex/amsma
th/amsbsy.sty"
Package: amsbsy 1999/11/29 v1.2d Bold Symbols
\pmbraise@=\dimen112
)
("/Users/bryn/Library/Application Support/MiKTeX/texmfs/install/tex/latex/amsma
th/amsopn.sty"
Package: amsopn 2016/03/08 v2.02 operator names
)
\inf@bad=\count91
LaTeX Info: Redefining \frac on input line 213.
\uproot@=\count92
\leftroot@=\count93
LaTeX Info: Redefining \overline on input line 375.
\classnum@=\count94
\DOTSCASE@=\count95
LaTeX Info: Redefining \ldots on input line 472.
LaTeX Info: Redefining \dots on input line 475.
LaTeX Info: Redefining \cdots on input line 596.
\Mathstrutbox@=\box26
\strutbox@=\box27
\big@size=\dimen113
LaTeX Font Info:    Redeclaring font encoding OML on input line 712.
LaTeX Font Info:    Redeclaring font encoding OMS on input line 713.
\macc@depth=\count96
\c@MaxMatrixCols=\count97
\dotsspace@=\muskip10
\c@parentequation=\count98
\dspbrk@lvl=\count99
\tag@help=\toks18
\row@=\count100
\column@=\count101
\maxfields@=\count102
\andhelp@=\toks19
\eqnshift@=\dimen114
\alignsep@=\dimen115
\tagshift@=\dimen116
\tagwidth@=\dimen117
\totwidth@=\dimen118
\lineht@=\dimen119
\@envbody=\toks20
\multlinegap=\skip44
\multlinetaggap=\skip45
\mathdisplay@stack=\toks21
LaTeX Info: Redefining \[ on input line 2817.
LaTeX Info: Redefining \] on input line 2818.
)
("/Users/bryn/Library/Application Support/MiKTeX/texmfs/install/tex/latex/amscl
s/amsthm.sty"
Package: amsthm 2017/10/31 v2.20.4
\thm@style=\toks22
\thm@bodyfont=\toks23
\thm@headfont=\toks24
\thm@notefont=\toks25
\thm@headpunct=\toks26
\thm@preskip=\skip46
\thm@postskip=\skip47
\thm@headsep=\skip48
\dth@everypar=\toks27
)
("/Users/bryn/Library/Application Support/MiKTeX/texmfs/install/tex/latex/tools
/bm.sty"
Package: bm 2017/01/16 v1.2c Bold Symbol Support (DPC/FMi)
\symboldoperators=\mathgroup6
\symboldletters=\mathgroup7
\symboldsymbols=\mathgroup8
LaTeX Font Info:    Redeclaring math alphabet \mathbf on input line 141.
LaTeX Info: Redefining \bm on input line 207.
)
("/Users/bryn/Library/Application Support/MiKTeX/texmfs/install/tex/latex/capti
on/caption.sty"
Package: caption 2019/09/01 v3.3d Customizing captions (AR)

("/Users/bryn/Library/Application Support/MiKTeX/texmfs/install/tex/latex/capti
on/caption3.sty"
Package: caption3 2019/09/01 v1.8d caption3 kernel (AR)
Package caption3 Info: TeX engine: e-TeX on input line 64.
\captionmargin=\dimen120
\captionmargin@=\dimen121
\captionwidth=\dimen122
\caption@tempdima=\dimen123
\caption@indent=\dimen124
\caption@parindent=\dimen125
\caption@hangindent=\dimen126
)
\c@caption@flags=\count103
\c@ContinuedFloat=\count104
)
("/Users/bryn/Library/Application Support/MiKTeX/texmfs/install/tex/latex/enumi
tem/enumitem.sty"
Package: enumitem 2011/09/28 v3.5.2 Customized lists
\labelindent=\skip49
\enit@outerparindent=\dimen127
\enit@toks=\toks28
\enit@inbox=\box28
\enitdp@description=\count105
)
("/Users/bryn/Library/Application Support/MiKTeX/texmfs/install/tex/latex/graph
ics/graphicx.sty"
Package: graphicx 2017/06/01 v1.1a Enhanced LaTeX Graphics (DPC,SPQR)

("/Users/bryn/Library/Application Support/MiKTeX/texmfs/install/tex/latex/graph
ics/graphics.sty"
Package: graphics 2017/06/25 v1.2c Standard LaTeX Graphics (DPC,SPQR)

("/Users/bryn/Library/Application Support/MiKTeX/texmfs/install/tex/latex/graph
ics/trig.sty"
Package: trig 2016/01/03 v1.10 sin cos tan (DPC)
)
("/Users/bryn/Library/Application Support/MiKTeX/texmfs/install/tex/latex/graph
ics-cfg/graphics.cfg"
File: graphics.cfg 2016/06/04 v1.11 sample graphics configuration
)
Package graphics Info: Driver file: pdftex.def on input line 99.

("/Users/bryn/Library/Application Support/MiKTeX/texmfs/install/tex/latex/graph
ics-def/pdftex.def"
File: pdftex.def 2018/01/08 v1.0l Graphics/color driver for pdftex
))
\Gin@req@height=\dimen128
\Gin@req@width=\dimen129
)
("/Users/bryn/Library/Application Support/MiKTeX/texmfs/install/tex/latex/matht
ools/mathtools.sty"
Package: mathtools 2018/01/08 v1.21 mathematical typesetting tools

("/Users/bryn/Library/Application Support/MiKTeX/texmfs/install/tex/latex/tools
/calc.sty"
Package: calc 2017/05/25 v4.3 Infix arithmetic (KKT,FJ)
\calc@Acount=\count106
\calc@Bcount=\count107
\calc@Adimen=\dimen130
\calc@Bdimen=\dimen131
\calc@Askip=\skip50
\calc@Bskip=\skip51
LaTeX Info: Redefining \setlength on input line 80.
LaTeX Info: Redefining \addtolength on input line 81.
\calc@Ccount=\count108
\calc@Cskip=\skip52
)
("/Users/bryn/Library/Application Support/MiKTeX/texmfs/install/tex/latex/matht
ools/mhsetup.sty"
Package: mhsetup 2017/03/31 v1.3 programming setup (MH)
)
LaTeX Info: Thecontrolsequence`\('isalreadyrobust on input line 129.
LaTeX Info: Thecontrolsequence`\)'isalreadyrobust on input line 129.
LaTeX Info: Thecontrolsequence`\['isalreadyrobust on input line 129.
LaTeX Info: Thecontrolsequence`\]'isalreadyrobust on input line 129.
\g_MT_multlinerow_int=\count109
\l_MT_multwidth_dim=\dimen132
\origjot=\skip53
\l_MT_shortvdotswithinadjustabove_dim=\dimen133
\l_MT_shortvdotswithinadjustbelow_dim=\dimen134
\l_MT_above_intertext_sep=\dimen135
\l_MT_below_intertext_sep=\dimen136
\l_MT_above_shortintertext_sep=\dimen137
\l_MT_below_shortintertext_sep=\dimen138
)
("/Users/bryn/Library/Application Support/MiKTeX/texmfs/install/tex/latex/setsp
ace/setspace.sty"
Package: setspace 2011/12/19 v6.7a set line spacing
)
("/Users/bryn/Library/Application Support/MiKTeX/texmfs/install/tex/latex/doubl
estroke/dsfont.sty"
Package: dsfont 1995/08/01 v0.1 Double stroke roman fonts
)
("/Users/bryn/Library/Application Support/MiKTeX/texmfs/install/tex/latex/xcolo
r/xcolor.sty"
Package: xcolor 2016/05/11 v2.12 LaTeX color extensions (UK)

("/Users/bryn/Library/Application Support/MiKTeX/texmfs/install/tex/latex/graph
ics-cfg/color.cfg"
File: color.cfg 2016/01/02 v1.6 sample color configuration
)
Package xcolor Info: Driver file: pdftex.def on input line 225.
Package xcolor Info: Model `cmy' substituted by `cmy0' on input line 1348.
Package xcolor Info: Model `hsb' substituted by `rgb' on input line 1352.
Package xcolor Info: Model `RGB' extended on input line 1364.
Package xcolor Info: Model `HTML' substituted by `rgb' on input line 1366.
Package xcolor Info: Model `Hsb' substituted by `hsb' on input line 1367.
Package xcolor Info: Model `tHsb' substituted by `hsb' on input line 1368.
Package xcolor Info: Model `HSB' substituted by `hsb' on input line 1369.
Package xcolor Info: Model `Gray' substituted by `gray' on input line 1370.
Package xcolor Info: Model `wave' substituted by `hsb' on input line 1371.
)
("/Users/bryn/Library/Application Support/MiKTeX/texmfs/install/tex/latex/upquo
te/upquote.sty"
Package: upquote 2012/04/19 v1.3 upright-quote and grave-accent glyphs in verba
tim
)
("/Users/bryn/Library/Application Support/MiKTeX/texmfs/install/tex/latex/bookt
abs/booktabs.sty"
Package: booktabs 2005/04/14 v1.61803 publication quality tables
\heavyrulewidth=\dimen139
\lightrulewidth=\dimen140
\cmidrulewidth=\dimen141
\belowrulesep=\dimen142
\belowbottomsep=\dimen143
\aboverulesep=\dimen144
\abovetopsep=\dimen145
\cmidrulesep=\dimen146
\cmidrulekern=\dimen147
\defaultaddspace=\dimen148
\@cmidla=\count110
\@cmidlb=\count111
\@aboverulesep=\dimen149
\@belowrulesep=\dimen150
\@thisruleclass=\count112
\@lastruleclass=\count113
\@thisrulewidth=\dimen151
)
("/Users/bryn/Library/Application Support/MiKTeX/texmfs/install/tex/latex/multi
row/multirow.sty"
Package: multirow 2019/05/31 v2.5 Span multiple rows of a table
\multirow@colwidth=\skip54
\multirow@cntb=\count114
\multirow@dima=\skip55
\bigstrutjot=\dimen152
)
("/Users/bryn/Library/Application Support/MiKTeX/texmfs/install/tex/latex/base/
inputenc.sty"
Package: inputenc 2018/04/06 v1.3b Input encoding file
\inpenc@prehook=\toks29
\inpenc@posthook=\toks30
)
("/Users/bryn/Library/Application Support/MiKTeX/texmfs/install/tex/latex/hyper
ref/hyperref.sty"
Package: hyperref 2018/09/30 v6.88a Hypertext links for LaTeX

("/Users/bryn/Library/Application Support/MiKTeX/texmfs/install/tex/generic/obe
rdiek/hobsub-hyperref.sty"
Package: hobsub-hyperref 2016/05/16 v1.14 Bundle oberdiek, subset hyperref (HO)


("/Users/bryn/Library/Application Support/MiKTeX/texmfs/install/tex/generic/obe
rdiek/hobsub-generic.sty"
Package: hobsub-generic 2016/05/16 v1.14 Bundle oberdiek, subset generic (HO)
Package: hobsub 2016/05/16 v1.14 Construct package bundles (HO)
Package: infwarerr 2016/05/16 v1.4 Providing info/warning/error messages (HO)
Package: ltxcmds 2016/05/16 v1.23 LaTeX kernel commands for general use (HO)
Package: ifluatex 2016/05/16 v1.4 Provides the ifluatex switch (HO)
Package ifluatex Info: LuaTeX not detected.
Package hobsub Info: Skipping package `ifvtex' (already loaded).
Package: intcalc 2016/05/16 v1.2 Expandable calculations with integers (HO)
Package hobsub Info: Skipping package `ifpdf' (already loaded).
Package: etexcmds 2016/05/16 v1.6 Avoid name clashes with e-TeX commands (HO)
Package etexcmds Info: Could not find \expanded.
(etexcmds)             That can mean that you are not using pdfTeX 1.50 or
(etexcmds)             that some package has redefined \expanded.
(etexcmds)             In the latter case, load this package earlier.
Package: kvsetkeys 2016/05/16 v1.17 Key value parser (HO)
Package: kvdefinekeys 2016/05/16 v1.4 Define keys (HO)
Package: pdftexcmds 2018/09/10 v0.29 Utility functions of pdfTeX for LuaTeX (HO
)
Package pdftexcmds Info: LuaTeX not detected.
Package pdftexcmds Info: \pdf@primitive is available.
Package pdftexcmds Info: \pdf@ifprimitive is available.
Package pdftexcmds Info: \pdfdraftmode found.
Package: pdfescape 2016/05/16 v1.14 Implements pdfTeX's escape features (HO)
Package: bigintcalc 2016/05/16 v1.4 Expandable calculations on big integers (HO
)
Package: bitset 2016/05/16 v1.2 Handle bit-vector datatype (HO)
Package: uniquecounter 2016/05/16 v1.3 Provide unlimited unique counter (HO)
)
Package hobsub Info: Skipping package `hobsub' (already loaded).
Package: letltxmacro 2016/05/16 v1.5 Let assignment for LaTeX macros (HO)
Package: hopatch 2016/05/16 v1.3 Wrapper for package hooks (HO)
Package: xcolor-patch 2016/05/16 xcolor patch
Package: atveryend 2016/05/16 v1.9 Hooks at the very end of document (HO)
Package atveryend Info: \enddocument detected (standard20110627).
Package: atbegshi 2016/06/09 v1.18 At begin shipout hook (HO)
Package: refcount 2016/05/16 v3.5 Data extraction from label references (HO)
Package: hycolor 2016/05/16 v1.8 Color options for hyperref/bookmark (HO)
)
("/Users/bryn/Library/Application Support/MiKTeX/texmfs/install/tex/latex/oberd
iek/auxhook.sty"
Package: auxhook 2016/05/16 v1.4 Hooks for auxiliary files (HO)
)
("/Users/bryn/Library/Application Support/MiKTeX/texmfs/install/tex/latex/oberd
iek/kvoptions.sty"
Package: kvoptions 2016/05/16 v3.12 Key value format for package options (HO)
)
\@linkdim=\dimen153
\Hy@linkcounter=\count115
\Hy@pagecounter=\count116

("/Users/bryn/Library/Application Support/MiKTeX/texmfs/install/tex/latex/hyper
ref/pd1enc.def"
File: pd1enc.def 2018/09/30 v6.88a Hyperref: PDFDocEncoding definition (HO)
Now handling font encoding PD1 ...
... no UTF-8 mapping file for font encoding PD1
)
\Hy@SavedSpaceFactor=\count117

("/Users/bryn/Library/Application Support/MiKTeX/texmfs/install/tex/latex/00mik
tex/hyperref.cfg"
File: hyperref.cfg 2002/06/06 v1.2 hyperref configuration of TeXLive
)
Package hyperref Info: Option `colorlinks' set `true' on input line 4409.
Package hyperref Info: Hyper figures OFF on input line 4535.
Package hyperref Info: Link nesting OFF on input line 4540.
Package hyperref Info: Hyper index ON on input line 4543.
Package hyperref Info: Plain pages OFF on input line 4550.
Package hyperref Info: Backreferencing OFF on input line 4555.
Package hyperref Info: Implicit mode ON; LaTeX internals redefined.
Package hyperref Info: Bookmarks ON on input line 4788.
\c@Hy@tempcnt=\count118

("/Users/bryn/Library/Application Support/MiKTeX/texmfs/install/tex/latex/url/u
rl.sty"
\Urlmuskip=\muskip11
Package: url 2013/09/16  ver 3.4  Verb mode for urls, etc.
)
LaTeX Info: Redefining \url on input line 5141.
\XeTeXLinkMargin=\dimen154
\Fld@menulength=\count119
\Field@Width=\dimen155
\Fld@charsize=\dimen156
Package hyperref Info: Hyper figures OFF on input line 6396.
Package hyperref Info: Link nesting OFF on input line 6401.
Package hyperref Info: Hyper index ON on input line 6404.
Package hyperref Info: backreferencing OFF on input line 6411.
Package hyperref Info: Link coloring ON on input line 6414.
Package hyperref Info: Link coloring with OCG OFF on input line 6421.
Package hyperref Info: PDF/A mode OFF on input line 6426.
LaTeX Info: Redefining \ref on input line 6466.
LaTeX Info: Redefining \pageref on input line 6470.
\Hy@abspage=\count120
\c@Item=\count121
\c@Hfootnote=\count122
)
Package hyperref Info: Driver (autodetected): hpdftex.

("/Users/bryn/Library/Application Support/MiKTeX/texmfs/install/tex/latex/hyper
ref/hpdftex.def"
File: hpdftex.def 2018/09/30 v6.88a Hyperref driver for pdfTeX
\Fld@listcount=\count123
\c@bookmark@seq@number=\count124

("/Users/bryn/Library/Application Support/MiKTeX/texmfs/install/tex/latex/oberd
iek/rerunfilecheck.sty"
Package: rerunfilecheck 2016/05/16 v1.8 Rerun checks for auxiliary files (HO)
Package uniquecounter Info: New unique counter `rerunfilecheck' on input line 2
82.
)
\Hy@SectionHShift=\skip56
)
("/Users/bryn/Library/Application Support/MiKTeX/texmfs/install/tex/latex/psnfs
s/avant.sty"
Package: avant 2005/04/12 PSNFSS-v9.2a (SPQR) 
) (model.aux)
\openout1 = `model.aux'.

LaTeX Font Info:    Checking defaults for OML/cmm/m/it on input line 26.
LaTeX Font Info:    ... okay on input line 26.
LaTeX Font Info:    Checking defaults for T1/cmr/m/n on input line 26.
LaTeX Font Info:    ... okay on input line 26.
LaTeX Font Info:    Checking defaults for OT1/cmr/m/n on input line 26.
LaTeX Font Info:    ... okay on input line 26.
LaTeX Font Info:    Checking defaults for OMS/cmsy/m/n on input line 26.
LaTeX Font Info:    ... okay on input line 26.
LaTeX Font Info:    Checking defaults for OMX/cmex/m/n on input line 26.
LaTeX Font Info:    ... okay on input line 26.
LaTeX Font Info:    Checking defaults for U/cmr/m/n on input line 26.
LaTeX Font Info:    ... okay on input line 26.
LaTeX Font Info:    Checking defaults for PD1/pdf/m/n on input line 26.
LaTeX Font Info:    ... okay on input line 26.
LaTeX Font Info:    Try loading font information for OT1+pag on input line 26.

("/Users/bryn/Library/Application Support/MiKTeX/texmfs/install/tex/latex/psnfs
s/ot1pag.fd"
File: ot1pag.fd 2001/06/04 font definitions for OT1/pag.
)
*geometry* driver: auto-detecting
*geometry* detected driver: pdftex
*geometry* verbose mode - [ preamble ] result:
* driver: pdftex
* paper: <default>
* layout: <same size as paper>
* layoutoffset:(h,v)=(0.0pt,0.0pt)
* modes: 
* h-part:(L,W,R)=(56.9055pt, 500.484pt, 56.9055pt)
* v-part:(T,H,B)=(56.9055pt, 681.15898pt, 56.9055pt)
* \paperwidth=614.295pt
* \paperheight=794.96999pt
* \textwidth=500.484pt
* \textheight=681.15898pt
* \oddsidemargin=-15.36449pt
* \evensidemargin=-15.36449pt
* \topmargin=-52.36449pt
* \headheight=12.0pt
* \headsep=25.0pt
* \topskip=10.0pt
* \footskip=30.0pt
* \marginparwidth=65.0pt
* \marginparsep=11.0pt
* \columnsep=10.0pt
* \skip\footins=9.0pt plus 4.0pt minus 2.0pt
* \hoffset=0.0pt
* \voffset=0.0pt
* \mag=1000
* \@twocolumnfalse
* \@twosidefalse
* \@mparswitchfalse
* \@reversemarginfalse
* (1in=72.27pt=25.4mm, 1cm=28.453pt)

Package caption Info: Begin \AtBeginDocument code.
Package caption Info: hyperref package is loaded.
Package caption Info: End \AtBeginDocument code.

("/Users/bryn/Library/Application Support/MiKTeX/texmfs/install/tex/context/bas
e/supp-pdf.mkii"
[Loading MPS to PDF converter (version 2006.09.02).]
\scratchcounter=\count125
\scratchdimen=\dimen157
\scratchbox=\box29
\nofMPsegments=\count126
\nofMParguments=\count127
\everyMPshowfont=\toks31
\MPscratchCnt=\count128
\MPscratchDim=\dimen158
\MPnumerator=\count129
\makeMPintoPDFobject=\count130
\everyMPtoPDFconversion=\toks32
)
("/Users/bryn/Library/Application Support/MiKTeX/texmfs/install/tex/latex/oberd
iek/epstopdf-base.sty"
Package: epstopdf-base 2016/05/15 v2.6 Base part for package epstopdf

("/Users/bryn/Library/Application Support/MiKTeX/texmfs/install/tex/latex/oberd
iek/grfext.sty"
Package: grfext 2016/05/16 v1.2 Manage graphics extensions (HO)
)
Package epstopdf-base Info: Redefining graphics rule for `.eps' on input line 4
38.
Package grfext Info: Graphics extension search list:
(grfext)             [.pdf,.png,.jpg,.mps,.jpeg,.jbig2,.jb2,.PDF,.PNG,.JPG,.JPE
G,.JBIG2,.JB2,.eps]
(grfext)             \AppendGraphicsExtensions on input line 456.
)
\AtBeginShipoutBox=\box30
Package hyperref Info: Link coloring ON on input line 26.

("/Users/bryn/Library/Application Support/MiKTeX/texmfs/install/tex/latex/hyper
ref/nameref.sty"
Package: nameref 2016/05/21 v2.44 Cross-referencing by name of section

("/Users/bryn/Library/Application Support/MiKTeX/texmfs/install/tex/generic/obe
rdiek/gettitlestring.sty"
Package: gettitlestring 2016/05/16 v1.5 Cleanup title references (HO)
)
\c@section@level=\count131
)
LaTeX Info: Redefining \ref on input line 26.
LaTeX Info: Redefining \pageref on input line 26.
LaTeX Info: Redefining \nameref on input line 26.
 (model.out) (model.out)
\@outlinefile=\write3
\openout3 = `model.out'.

LaTeX Font Info:    Try loading font information for U+msa on input line 28.

("/Users/bryn/Library/Application Support/MiKTeX/texmfs/install/tex/latex/amsfo
nts/umsa.fd"
File: umsa.fd 2013/01/14 v3.01 AMS symbols A
)
LaTeX Font Info:    Try loading font information for U+msb on input line 28.

("/Users/bryn/Library/Application Support/MiKTeX/texmfs/install/tex/latex/amsfo
nts/umsb.fd"
File: umsb.fd 2013/01/14 v3.01 AMS symbols B
)

LaTeX Warning: No \author given.


Overfull \hbox (4.0805pt too wide) in paragraph at lines 29--35
[]\OT1/pag/m/n/10 The metapopulation model is a combination of a simple SEIR mo
del (without vital dynamics) combined
 []

[1

{/Users/bryn/Library/Application Support/MiKTeX/texmfs/data/pdftex/config/pdfte
x.map}] (model.bbl
LaTeX Font Info:    Font shape `OT1/pag/bx/n' in size <14.4> not available
(Font)              Font shape `OT1/pag/b/n' tried instead on input line 1.
LaTeX Font Info:    Font shape `OT1/pag/b/n' in size <14.4> not available
(Font)              Font shape `OT1/pag/db/n' tried instead on input line 1.
LaTeX Font Info:    Font shape `OT1/pag/m/it' in size <10> not available
(Font)              Font shape `OT1/pag/m/sl' tried instead on input line 8.
)
Package atveryend Info: Empty hook `BeforeClearDocument' on input line 58.
 [2

]
Package atveryend Info: Empty hook `AfterLastShipout' on input line 58.
 (model.aux)
Package atveryend Info: Executing hook `AtVeryEndDocument' on input line 58.
Package atveryend Info: Executing hook `AtEndAfterFileList' on input line 58.
Package rerunfilecheck Info: File `model.out' has not changed.
(rerunfilecheck)             Checksum: D41D8CD98F00B204E9800998ECF8427E;0.
Package atveryend Info: Empty hook `AtVeryVeryEnd' on input line 58.
 ) 
Here is how much of TeX's memory you used:
 9047 strings out of 494889
 139638 string characters out of 3177017
 234267 words of memory out of 3000000
 12526 multiletter control sequences out of 15000+200000
 25586 words of font info for 69 fonts, out of 3000000 for 9000
 0 hyphenation exceptions out of 8191
 36i,8n,38p,237b,323s stack positions out of 5000i,500n,10000p,200000b,50000s
{/Users/bryn/Library/Application Support/MiKTeX/texmfs/install/fonts/enc/dvip
s/base/8r.enc}</Users/bryn/Library/Application Support/MiKTeX/texmfs/install/fo
nts/type1/public/amsfonts/cm/cmex10.pfb></Users/bryn/Library/Application Suppor
t/MiKTeX/texmfs/install/fonts/type1/public/amsfonts/cm/cmmi10.pfb></Users/bryn/
Library/Application Support/MiKTeX/texmfs/install/fonts/type1/public/amsfonts/c
m/cmmi7.pfb></Users/bryn/Library/Application Support/MiKTeX/texmfs/install/font
s/type1/public/amsfonts/cm/cmr10.pfb></Users/bryn/Library/Application Support/M
iKTeX/texmfs/install/fonts/type1/public/amsfonts/cm/cmr7.pfb></Users/bryn/Libra
ry/Application Support/MiKTeX/texmfs/install/fonts/type1/public/amsfonts/cm/cms
y10.pfb></Users/bryn/Library/Application Support/MiKTeX/texmfs/install/fonts/ty
pe1/urw/avantgar/uagd8a.pfb></Users/bryn/Library/Application Support/MiKTeX/tex
mfs/install/fonts/type1/urw/avantgar/uagk8a.pfb></Users/bryn/Library/Applicatio
n Support/MiKTeX/texmfs/install/fonts/type1/urw/avantgar/uagko8a.pfb>
Output written on model.pdf (2 pages, 78358 bytes).
PDF statistics:
 55 PDF objects out of 1000 (max. 8388607)
 5 named destinations out of 1000 (max. 500000)
 1 words of extra memory for PDF output out of 10000 (max. 10000000)

